#
# There is insufficient memory for the Java Runtime Environment to continue.
# Native memory allocation (malloc) failed to allocate 41696 bytes for Chunk::new
# Possible reasons:
#   The system is out of physical RAM or swap space
#   The process is running with CompressedOops enabled, and the Java Heap may be blocking the growth of the native heap
# Possible solutions:
#   Reduce memory load on the system
#   Increase physical memory or swap space
#   Check if swap backing store is full
#   Decrease Java heap size (-Xmx/-Xms)
#   Decrease number of Java threads
#   Decrease Java thread stack sizes (-Xss)
#   Set larger code cache with -XX:ReservedCodeCacheSize=
#   JVM is running with Unscaled Compressed Oops mode in which the Java heap is
#     placed in the first 4GB address space. The Java Heap base address is the
#     maximum limit for the native heap growth. Please use -XX:HeapBaseMinAddress
#     to set the Java Heap base and to place the Java Heap above 4GB virtual address.
# This output file may be truncated or incomplete.
#
#  Out of Memory Error (arena.cpp:195), pid=28780, tid=28964
#
# JRE version: OpenJDK Runtime Environment (16.0.2+7) (build 16.0.2+7-67)
# Java VM: OpenJDK 64-Bit Server VM (16.0.2+7-67, mixed mode, tiered, compressed oops, compressed class ptrs, g1 gc, windows-amd64)
# No core dump will be written. Minidumps are not enabled by default on client versions of Windows
#

---------------  S U M M A R Y ------------

Command Line: -ea -Dfile.encoding=Cp1252 -XX:+ShowCodeDetailsInExceptionMessages org.testng.remote.RemoteTestNG -serport 55545 -protocol json -d D:\Users\sdhasal\3D Objects\Training_WorkSpace\selenium-project\test-output D:\Users\sdhasal\AppData\Local\Temp\testng-eclipse--722521057\testng-customsuite.xml

Host: Intel(R) Xeon(R) CPU E5-2676 v3 @ 2.40GHz, 2 cores, 7G,  Windows 10 , 64 bit Build 19041 (10.0.19041.1202)
Time: Sun Oct 31 13:06:26 2021 India Standard Time elapsed time: 1.678797 seconds (0d 0h 0m 1s)

---------------  T H R E A D  ---------------

Current thread (0x00000213514288a0):  JavaThread "C2 CompilerThread0" daemon [_thread_in_native, id=28964, stack(0x0000009943200000,0x0000009943300000)]


Current CompileTask:
C2:   1679  111   !   4       java.util.zip.ZipFile$Source::checkUTF8 (43 bytes)

Stack: [0x0000009943200000,0x0000009943300000]
Native frames: (J=compiled Java code, j=interpreted, Vv=VM code, C=native code)
V  [jvm.dll+0x6681ca]
V  [jvm.dll+0x7c9e69]
V  [jvm.dll+0x7cb61e]
V  [jvm.dll+0x7cbc73]
V  [jvm.dll+0x242c55]
V  [jvm.dll+0xadeba]
V  [jvm.dll+0xae45c]
V  [jvm.dll+0x2a4cdf]
V  [jvm.dll+0x573c29]
V  [jvm.dll+0x21e905]
V  [jvm.dll+0x217c01]
V  [jvm.dll+0x214ffc]
V  [jvm.dll+0x1a1beb]
V  [jvm.dll+0x225158]
V  [jvm.dll+0x22319c]
V  [jvm.dll+0x77fa62]
V  [jvm.dll+0x7795aa]
V  [jvm.dll+0x667066]
C  [ucrtbase.dll+0x21bb2]
C  [KERNEL32.DLL+0x17034]
C  [ntdll.dll+0x52651]


---------------  P R O C E S S  ---------------

Threads class SMR info:
_java_thread_list=0x00000213515a6a10, length=12, elements={
0x00000213378128d0, 0x0000021350b47010, 0x0000021350b48950, 0x0000021351423010,
0x0000021351424a30, 0x0000021351427350, 0x0000021351427c60, 0x00000213514288a0,
0x0000021350b4d220, 0x0000021350b4e2f0, 0x0000021351590730, 0x00000213515aa020
}

Java Threads: ( => current thread )
  0x00000213378128d0 JavaThread "main" [_thread_in_vm, id=28864, stack(0x0000009942500000,0x0000009942600000)]
  0x0000021350b47010 JavaThread "Reference Handler" daemon [_thread_blocked, id=28940, stack(0x0000009942c00000,0x0000009942d00000)]
  0x0000021350b48950 JavaThread "Finalizer" daemon [_thread_blocked, id=28944, stack(0x0000009942d00000,0x0000009942e00000)]
  0x0000021351423010 JavaThread "Signal Dispatcher" daemon [_thread_blocked, id=28948, stack(0x0000009942e00000,0x0000009942f00000)]
  0x0000021351424a30 JavaThread "Attach Listener" daemon [_thread_blocked, id=28952, stack(0x0000009942f00000,0x0000009943000000)]
  0x0000021351427350 JavaThread "Service Thread" daemon [_thread_blocked, id=28956, stack(0x0000009943000000,0x0000009943100000)]
  0x0000021351427c60 JavaThread "Monitor Deflation Thread" daemon [_thread_blocked, id=28960, stack(0x0000009943100000,0x0000009943200000)]
=>0x00000213514288a0 JavaThread "C2 CompilerThread0" daemon [_thread_in_native, id=28964, stack(0x0000009943200000,0x0000009943300000)]
  0x0000021350b4d220 JavaThread "C1 CompilerThread0" daemon [_thread_blocked, id=28980, stack(0x0000009943300000,0x0000009943400000)]
  0x0000021350b4e2f0 JavaThread "Sweeper thread" daemon [_thread_blocked, id=28992, stack(0x0000009943400000,0x0000009943500000)]
  0x0000021351590730 JavaThread "Notification Thread" daemon [_thread_blocked, id=29024, stack(0x0000009943500000,0x0000009943600000)]
  0x00000213515aa020 JavaThread "Common-Cleaner" daemon [_thread_blocked, id=29036, stack(0x0000009943700000,0x0000009943800000)]

Other Threads:
  0x0000021350ad7d80 VMThread "VM Thread" [stack: 0x0000009942b00000,0x0000009942c00000] [id=28932]
  0x0000021351590c50 WatcherThread [stack: 0x0000009943600000,0x0000009943700000] [id=29028]
  0x0000021337851f90 GCTaskThread "GC Thread#0" [stack: 0x0000009942600000,0x0000009942700000] [id=28912]
  0x0000021337862fe0 ConcurrentGCThread "G1 Main Marker" [stack: 0x0000009942700000,0x0000009942800000] [id=28916]
  0x00000213378639e0 ConcurrentGCThread "G1 Conc#0" [stack: 0x0000009942800000,0x0000009942900000] [id=28920]
  0x00000213378ae4c0 ConcurrentGCThread "G1 Refine#0" [stack: 0x0000009942900000,0x0000009942a00000] [id=28924]
  0x00000213509720b0 ConcurrentGCThread "G1 Service" [stack: 0x0000009942a00000,0x0000009942b00000] [id=28928]

Threads with active compile tasks:
C2 CompilerThread0     1784  111   !   4       java.util.zip.ZipFile$Source::checkUTF8 (43 bytes)

VM state: not at safepoint (normal execution)

VM Mutex/Monitor currently owned by a thread: None

OutOfMemory and StackOverflow Exception counts:
OutOfMemoryError java_heap_errors=1

Heap address: 0x0000000080000000, size: 2048 MB, Compressed Oops mode: 32-bit

CDS disabled.
Compressed class space mapped at: 0x0000000100000000-0x0000000140000000, reserved size: 1073741824
Narrow klass base: 0x0000000000000000, Narrow klass shift: 3, Narrow klass range: 0x140000000

GC Precious Log:
 CPUs: 2 total, 2 available
 Memory: 8191M
 Large Page Support: Disabled
 NUMA Support: Disabled
 Compressed Oops: Enabled (32-bit)
 Heap Region Size: 1M
 Heap Min Capacity: 8M
 Heap Initial Capacity: 128M
 Heap Max Capacity: 2G
 Pre-touch: Disabled
 Parallel Workers: 2
 Concurrent Workers: 1
 Concurrent Refinement Workers: 2
 Periodic GC: Disabled

Heap:
 garbage-first heap   total 131072K, used 1024K [0x0000000080000000, 0x0000000100000000)
  region size 1024K, 2 young (2048K), 0 survivors (0K)
 Metaspace       used 5136K, committed 5312K, reserved 1056768K
  class space    used 417K, committed 512K, reserved 1048576K

Heap Regions: E=young(eden), S=young(survivor), O=old, HS=humongous(starts), HC=humongous(continues), CS=collection set, F=free, OA=open archive, CA=closed archive, TAMS=top-at-mark-start (previous, next)
|   0|0x0000000080000000, 0x0000000080000000, 0x0000000080100000|  0%| F|  |TAMS 0x0000000080000000, 0x0000000080000000| Untracked 
|   1|0x0000000080100000, 0x0000000080100000, 0x0000000080200000|  0%| F|  |TAMS 0x0000000080100000, 0x0000000080100000| Untracked 
|   2|0x0000000080200000, 0x0000000080200000, 0x0000000080300000|  0%| F|  |TAMS 0x0000000080200000, 0x0000000080200000| Untracked 
|   3|0x0000000080300000, 0x0000000080300000, 0x0000000080400000|  0%| F|  |TAMS 0x0000000080300000, 0x0000000080300000| Untracked 
|   4|0x0000000080400000, 0x0000000080400000, 0x0000000080500000|  0%| F|  |TAMS 0x0000000080400000, 0x0000000080400000| Untracked 
|   5|0x0000000080500000, 0x0000000080500000, 0x0000000080600000|  0%| F|  |TAMS 0x0000000080500000, 0x0000000080500000| Untracked 
|   6|0x0000000080600000, 0x0000000080600000, 0x0000000080700000|  0%| F|  |TAMS 0x0000000080600000, 0x0000000080600000| Untracked 
|   7|0x0000000080700000, 0x0000000080700000, 0x0000000080800000|  0%| F|  |TAMS 0x0000000080700000, 0x0000000080700000| Untracked 
|   8|0x0000000080800000, 0x0000000080800000, 0x0000000080900000|  0%| F|  |TAMS 0x0000000080800000, 0x0000000080800000| Untracked 
|   9|0x0000000080900000, 0x0000000080900000, 0x0000000080a00000|  0%| F|  |TAMS 0x0000000080900000, 0x0000000080900000| Untracked 
|  10|0x0000000080a00000, 0x0000000080a00000, 0x0000000080b00000|  0%| F|  |TAMS 0x0000000080a00000, 0x0000000080a00000| Untracked 
|  11|0x0000000080b00000, 0x0000000080b00000, 0x0000000080c00000|  0%| F|  |TAMS 0x0000000080b00000, 0x0000000080b00000| Untracked 
|  12|0x0000000080c00000, 0x0000000080c00000, 0x0000000080d00000|  0%| F|  |TAMS 0x0000000080c00000, 0x0000000080c00000| Untracked 
|  13|0x0000000080d00000, 0x0000000080d00000, 0x0000000080e00000|  0%| F|  |TAMS 0x0000000080d00000, 0x0000000080d00000| Untracked 
|  14|0x0000000080e00000, 0x0000000080e00000, 0x0000000080f00000|  0%| F|  |TAMS 0x0000000080e00000, 0x0000000080e00000| Untracked 
|  15|0x0000000080f00000, 0x0000000080f00000, 0x0000000081000000|  0%| F|  |TAMS 0x0000000080f00000, 0x0000000080f00000| Untracked 
|  16|0x0000000081000000, 0x0000000081000000, 0x0000000081100000|  0%| F|  |TAMS 0x0000000081000000, 0x0000000081000000| Untracked 
|  17|0x0000000081100000, 0x0000000081100000, 0x0000000081200000|  0%| F|  |TAMS 0x0000000081100000, 0x0000000081100000| Untracked 
|  18|0x0000000081200000, 0x0000000081200000, 0x0000000081300000|  0%| F|  |TAMS 0x0000000081200000, 0x0000000081200000| Untracked 
|  19|0x0000000081300000, 0x0000000081300000, 0x0000000081400000|  0%| F|  |TAMS 0x0000000081300000, 0x0000000081300000| Untracked 
|  20|0x0000000081400000, 0x0000000081400000, 0x0000000081500000|  0%| F|  |TAMS 0x0000000081400000, 0x0000000081400000| Untracked 
|  21|0x0000000081500000, 0x0000000081500000, 0x0000000081600000|  0%| F|  |TAMS 0x0000000081500000, 0x0000000081500000| Untracked 
|  22|0x0000000081600000, 0x0000000081600000, 0x0000000081700000|  0%| F|  |TAMS 0x0000000081600000, 0x0000000081600000| Untracked 
|  23|0x0000000081700000, 0x0000000081700000, 0x0000000081800000|  0%| F|  |TAMS 0x0000000081700000, 0x0000000081700000| Untracked 
|  24|0x0000000081800000, 0x0000000081800000, 0x0000000081900000|  0%| F|  |TAMS 0x0000000081800000, 0x0000000081800000| Untracked 
|  25|0x0000000081900000, 0x0000000081900000, 0x0000000081a00000|  0%| F|  |TAMS 0x0000000081900000, 0x0000000081900000| Untracked 
|  26|0x0000000081a00000, 0x0000000081a00000, 0x0000000081b00000|  0%| F|  |TAMS 0x0000000081a00000, 0x0000000081a00000| Untracked 
|  27|0x0000000081b00000, 0x0000000081b00000, 0x0000000081c00000|  0%| F|  |TAMS 0x0000000081b00000, 0x0000000081b00000| Untracked 
|  28|0x0000000081c00000, 0x0000000081c00000, 0x0000000081d00000|  0%| F|  |TAMS 0x0000000081c00000, 0x0000000081c00000| Untracked 
|  29|0x0000000081d00000, 0x0000000081d00000, 0x0000000081e00000|  0%| F|  |TAMS 0x0000000081d00000, 0x0000000081d00000| Untracked 
|  30|0x0000000081e00000, 0x0000000081e00000, 0x0000000081f00000|  0%| F|  |TAMS 0x0000000081e00000, 0x0000000081e00000| Untracked 
|  31|0x0000000081f00000, 0x0000000081f00000, 0x0000000082000000|  0%| F|  |TAMS 0x0000000081f00000, 0x0000000081f00000| Untracked 
|  32|0x0000000082000000, 0x0000000082000000, 0x0000000082100000|  0%| F|  |TAMS 0x0000000082000000, 0x0000000082000000| Untracked 
|  33|0x0000000082100000, 0x0000000082100000, 0x0000000082200000|  0%| F|  |TAMS 0x0000000082100000, 0x0000000082100000| Untracked 
|  34|0x0000000082200000, 0x0000000082200000, 0x0000000082300000|  0%| F|  |TAMS 0x0000000082200000, 0x0000000082200000| Untracked 
|  35|0x0000000082300000, 0x0000000082300000, 0x0000000082400000|  0%| F|  |TAMS 0x0000000082300000, 0x0000000082300000| Untracked 
|  36|0x0000000082400000, 0x0000000082400000, 0x0000000082500000|  0%| F|  |TAMS 0x0000000082400000, 0x0000000082400000| Untracked 
|  37|0x0000000082500000, 0x0000000082500000, 0x0000000082600000|  0%| F|  |TAMS 0x0000000082500000, 0x0000000082500000| Untracked 
|  38|0x0000000082600000, 0x0000000082600000, 0x0000000082700000|  0%| F|  |TAMS 0x0000000082600000, 0x0000000082600000| Untracked 
|  39|0x0000000082700000, 0x0000000082700000, 0x0000000082800000|  0%| F|  |TAMS 0x0000000082700000, 0x0000000082700000| Untracked 
|  40|0x0000000082800000, 0x0000000082800000, 0x0000000082900000|  0%| F|  |TAMS 0x0000000082800000, 0x0000000082800000| Untracked 
|  41|0x0000000082900000, 0x0000000082900000, 0x0000000082a00000|  0%| F|  |TAMS 0x0000000082900000, 0x0000000082900000| Untracked 
|  42|0x0000000082a00000, 0x0000000082a00000, 0x0000000082b00000|  0%| F|  |TAMS 0x0000000082a00000, 0x0000000082a00000| Untracked 
|  43|0x0000000082b00000, 0x0000000082b00000, 0x0000000082c00000|  0%| F|  |TAMS 0x0000000082b00000, 0x0000000082b00000| Untracked 
|  44|0x0000000082c00000, 0x0000000082c00000, 0x0000000082d00000|  0%| F|  |TAMS 0x0000000082c00000, 0x0000000082c00000| Untracked 
|  45|0x0000000082d00000, 0x0000000082d00000, 0x0000000082e00000|  0%| F|  |TAMS 0x0000000082d00000, 0x0000000082d00000| Untracked 
|  46|0x0000000082e00000, 0x0000000082e00000, 0x0000000082f00000|  0%| F|  |TAMS 0x0000000082e00000, 0x0000000082e00000| Untracked 
|  47|0x0000000082f00000, 0x0000000082f00000, 0x0000000083000000|  0%| F|  |TAMS 0x0000000082f00000, 0x0000000082f00000| Untracked 
|  48|0x0000000083000000, 0x0000000083000000, 0x0000000083100000|  0%| F|  |TAMS 0x0000000083000000, 0x0000000083000000| Untracked 
|  49|0x0000000083100000, 0x0000000083100000, 0x0000000083200000|  0%| F|  |TAMS 0x0000000083100000, 0x0000000083100000| Untracked 
|  50|0x0000000083200000, 0x0000000083200000, 0x0000000083300000|  0%| F|  |TAMS 0x0000000083200000, 0x0000000083200000| Untracked 
|  51|0x0000000083300000, 0x0000000083300000, 0x0000000083400000|  0%| F|  |TAMS 0x0000000083300000, 0x0000000083300000| Untracked 
|  52|0x0000000083400000, 0x0000000083400000, 0x0000000083500000|  0%| F|  |TAMS 0x0000000083400000, 0x0000000083400000| Untracked 
|  53|0x0000000083500000, 0x0000000083500000, 0x0000000083600000|  0%| F|  |TAMS 0x0000000083500000, 0x0000000083500000| Untracked 
|  54|0x0000000083600000, 0x0000000083600000, 0x0000000083700000|  0%| F|  |TAMS 0x0000000083600000, 0x0000000083600000| Untracked 
|  55|0x0000000083700000, 0x0000000083700000, 0x0000000083800000|  0%| F|  |TAMS 0x0000000083700000, 0x0000000083700000| Untracked 
|  56|0x0000000083800000, 0x0000000083800000, 0x0000000083900000|  0%| F|  |TAMS 0x0000000083800000, 0x0000000083800000| Untracked 
|  57|0x0000000083900000, 0x0000000083900000, 0x0000000083a00000|  0%| F|  |TAMS 0x0000000083900000, 0x0000000083900000| Untracked 
|  58|0x0000000083a00000, 0x0000000083a00000, 0x0000000083b00000|  0%| F|  |TAMS 0x0000000083a00000, 0x0000000083a00000| Untracked 
|  59|0x0000000083b00000, 0x0000000083b00000, 0x0000000083c00000|  0%| F|  |TAMS 0x0000000083b00000, 0x0000000083b00000| Untracked 
|  60|0x0000000083c00000, 0x0000000083c00000, 0x0000000083d00000|  0%| F|  |TAMS 0x0000000083c00000, 0x0000000083c00000| Untracked 
|  61|0x0000000083d00000, 0x0000000083d00000, 0x0000000083e00000|  0%| F|  |TAMS 0x0000000083d00000, 0x0000000083d00000| Untracked 
|  62|0x0000000083e00000, 0x0000000083e00000, 0x0000000083f00000|  0%| F|  |TAMS 0x0000000083e00000, 0x0000000083e00000| Untracked 
|  63|0x0000000083f00000, 0x0000000083f00000, 0x0000000084000000|  0%| F|  |TAMS 0x0000000083f00000, 0x0000000083f00000| Untracked 
|  64|0x0000000084000000, 0x0000000084000000, 0x0000000084100000|  0%| F|  |TAMS 0x0000000084000000, 0x0000000084000000| Untracked 
|  65|0x0000000084100000, 0x0000000084100000, 0x0000000084200000|  0%| F|  |TAMS 0x0000000084100000, 0x0000000084100000| Untracked 
|  66|0x0000000084200000, 0x0000000084200000, 0x0000000084300000|  0%| F|  |TAMS 0x0000000084200000, 0x0000000084200000| Untracked 
|  67|0x0000000084300000, 0x0000000084300000, 0x0000000084400000|  0%| F|  |TAMS 0x0000000084300000, 0x0000000084300000| Untracked 
|  68|0x0000000084400000, 0x0000000084400000, 0x0000000084500000|  0%| F|  |TAMS 0x0000000084400000, 0x0000000084400000| Untracked 
|  69|0x0000000084500000, 0x0000000084500000, 0x0000000084600000|  0%| F|  |TAMS 0x0000000084500000, 0x0000000084500000| Untracked 
|  70|0x0000000084600000, 0x0000000084600000, 0x0000000084700000|  0%| F|  |TAMS 0x0000000084600000, 0x0000000084600000| Untracked 
|  71|0x0000000084700000, 0x0000000084700000, 0x0000000084800000|  0%| F|  |TAMS 0x0000000084700000, 0x0000000084700000| Untracked 
|  72|0x0000000084800000, 0x0000000084800000, 0x0000000084900000|  0%| F|  |TAMS 0x0000000084800000, 0x0000000084800000| Untracked 
|  73|0x0000000084900000, 0x0000000084900000, 0x0000000084a00000|  0%| F|  |TAMS 0x0000000084900000, 0x0000000084900000| Untracked 
|  74|0x0000000084a00000, 0x0000000084a00000, 0x0000000084b00000|  0%| F|  |TAMS 0x0000000084a00000, 0x0000000084a00000| Untracked 
|  75|0x0000000084b00000, 0x0000000084b00000, 0x0000000084c00000|  0%| F|  |TAMS 0x0000000084b00000, 0x0000000084b00000| Untracked 
|  76|0x0000000084c00000, 0x0000000084c00000, 0x0000000084d00000|  0%| F|  |TAMS 0x0000000084c00000, 0x0000000084c00000| Untracked 
|  77|0x0000000084d00000, 0x0000000084d00000, 0x0000000084e00000|  0%| F|  |TAMS 0x0000000084d00000, 0x0000000084d00000| Untracked 
|  78|0x0000000084e00000, 0x0000000084e00000, 0x0000000084f00000|  0%| F|  |TAMS 0x0000000084e00000, 0x0000000084e00000| Untracked 
|  79|0x0000000084f00000, 0x0000000084f00000, 0x0000000085000000|  0%| F|  |TAMS 0x0000000084f00000, 0x0000000084f00000| Untracked 
|  80|0x0000000085000000, 0x0000000085000000, 0x0000000085100000|  0%| F|  |TAMS 0x0000000085000000, 0x0000000085000000| Untracked 
|  81|0x0000000085100000, 0x0000000085100000, 0x0000000085200000|  0%| F|  |TAMS 0x0000000085100000, 0x0000000085100000| Untracked 
|  82|0x0000000085200000, 0x0000000085200000, 0x0000000085300000|  0%| F|  |TAMS 0x0000000085200000, 0x0000000085200000| Untracked 
|  83|0x0000000085300000, 0x0000000085300000, 0x0000000085400000|  0%| F|  |TAMS 0x0000000085300000, 0x0000000085300000| Untracked 
|  84|0x0000000085400000, 0x0000000085400000, 0x0000000085500000|  0%| F|  |TAMS 0x0000000085400000, 0x0000000085400000| Untracked 
|  85|0x0000000085500000, 0x0000000085500000, 0x0000000085600000|  0%| F|  |TAMS 0x0000000085500000, 0x0000000085500000| Untracked 
|  86|0x0000000085600000, 0x0000000085600000, 0x0000000085700000|  0%| F|  |TAMS 0x0000000085600000, 0x0000000085600000| Untracked 
|  87|0x0000000085700000, 0x0000000085700000, 0x0000000085800000|  0%| F|  |TAMS 0x0000000085700000, 0x0000000085700000| Untracked 
|  88|0x0000000085800000, 0x0000000085800000, 0x0000000085900000|  0%| F|  |TAMS 0x0000000085800000, 0x0000000085800000| Untracked 
|  89|0x0000000085900000, 0x0000000085900000, 0x0000000085a00000|  0%| F|  |TAMS 0x0000000085900000, 0x0000000085900000| Untracked 
|  90|0x0000000085a00000, 0x0000000085a00000, 0x0000000085b00000|  0%| F|  |TAMS 0x0000000085a00000, 0x0000000085a00000| Untracked 
|  91|0x0000000085b00000, 0x0000000085b00000, 0x0000000085c00000|  0%| F|  |TAMS 0x0000000085b00000, 0x0000000085b00000| Untracked 
|  92|0x0000000085c00000, 0x0000000085c00000, 0x0000000085d00000|  0%| F|  |TAMS 0x0000000085c00000, 0x0000000085c00000| Untracked 
|  93|0x0000000085d00000, 0x0000000085d00000, 0x0000000085e00000|  0%| F|  |TAMS 0x0000000085d00000, 0x0000000085d00000| Untracked 
|  94|0x0000000085e00000, 0x0000000085e00000, 0x0000000085f00000|  0%| F|  |TAMS 0x0000000085e00000, 0x0000000085e00000| Untracked 
|  95|0x0000000085f00000, 0x0000000085f00000, 0x0000000086000000|  0%| F|  |TAMS 0x0000000085f00000, 0x0000000085f00000| Untracked 
|  96|0x0000000086000000, 0x0000000086000000, 0x0000000086100000|  0%| F|  |TAMS 0x0000000086000000, 0x0000000086000000| Untracked 
|  97|0x0000000086100000, 0x0000000086100000, 0x0000000086200000|  0%| F|  |TAMS 0x0000000086100000, 0x0000000086100000| Untracked 
|  98|0x0000000086200000, 0x0000000086200000, 0x0000000086300000|  0%| F|  |TAMS 0x0000000086200000, 0x0000000086200000| Untracked 
|  99|0x0000000086300000, 0x0000000086300000, 0x0000000086400000|  0%| F|  |TAMS 0x0000000086300000, 0x0000000086300000| Untracked 
| 100|0x0000000086400000, 0x0000000086400000, 0x0000000086500000|  0%| F|  |TAMS 0x0000000086400000, 0x0000000086400000| Untracked 
| 101|0x0000000086500000, 0x0000000086500000, 0x0000000086600000|  0%| F|  |TAMS 0x0000000086500000, 0x0000000086500000| Untracked 
| 102|0x0000000086600000, 0x0000000086600000, 0x0000000086700000|  0%| F|  |TAMS 0x0000000086600000, 0x0000000086600000| Untracked 
| 103|0x0000000086700000, 0x0000000086700000, 0x0000000086800000|  0%| F|  |TAMS 0x0000000086700000, 0x0000000086700000| Untracked 
| 104|0x0000000086800000, 0x0000000086800000, 0x0000000086900000|  0%| F|  |TAMS 0x0000000086800000, 0x0000000086800000| Untracked 
| 105|0x0000000086900000, 0x0000000086900000, 0x0000000086a00000|  0%| F|  |TAMS 0x0000000086900000, 0x0000000086900000| Untracked 
| 106|0x0000000086a00000, 0x0000000086a00000, 0x0000000086b00000|  0%| F|  |TAMS 0x0000000086a00000, 0x0000000086a00000| Untracked 
| 107|0x0000000086b00000, 0x0000000086b00000, 0x0000000086c00000|  0%| F|  |TAMS 0x0000000086b00000, 0x0000000086b00000| Untracked 
| 108|0x0000000086c00000, 0x0000000086c00000, 0x0000000086d00000|  0%| F|  |TAMS 0x0000000086c00000, 0x0000000086c00000| Untracked 
| 109|0x0000000086d00000, 0x0000000086d00000, 0x0000000086e00000|  0%| F|  |TAMS 0x0000000086d00000, 0x0000000086d00000| Untracked 
| 110|0x0000000086e00000, 0x0000000086e00000, 0x0000000086f00000|  0%| F|  |TAMS 0x0000000086e00000, 0x0000000086e00000| Untracked 
| 111|0x0000000086f00000, 0x0000000086f00000, 0x0000000087000000|  0%| F|  |TAMS 0x0000000086f00000, 0x0000000086f00000| Untracked 
| 112|0x0000000087000000, 0x0000000087000000, 0x0000000087100000|  0%| F|  |TAMS 0x0000000087000000, 0x0000000087000000| Untracked 
| 113|0x0000000087100000, 0x0000000087100000, 0x0000000087200000|  0%| F|  |TAMS 0x0000000087100000, 0x0000000087100000| Untracked 
| 114|0x0000000087200000, 0x0000000087200000, 0x0000000087300000|  0%| F|  |TAMS 0x0000000087200000, 0x0000000087200000| Untracked 
| 115|0x0000000087300000, 0x0000000087300000, 0x0000000087400000|  0%| F|  |TAMS 0x0000000087300000, 0x0000000087300000| Untracked 
| 116|0x0000000087400000, 0x0000000087400000, 0x0000000087500000|  0%| F|  |TAMS 0x0000000087400000, 0x0000000087400000| Untracked 
| 117|0x0000000087500000, 0x0000000087500000, 0x0000000087600000|  0%| F|  |TAMS 0x0000000087500000, 0x0000000087500000| Untracked 
| 118|0x0000000087600000, 0x0000000087600000, 0x0000000087700000|  0%| F|  |TAMS 0x0000000087600000, 0x0000000087600000| Untracked 
| 119|0x0000000087700000, 0x0000000087700000, 0x0000000087800000|  0%| F|  |TAMS 0x0000000087700000, 0x0000000087700000| Untracked 
| 120|0x0000000087800000, 0x0000000087800000, 0x0000000087900000|  0%| F|  |TAMS 0x0000000087800000, 0x0000000087800000| Untracked 
| 121|0x0000000087900000, 0x0000000087900000, 0x0000000087a00000|  0%| F|  |TAMS 0x0000000087900000, 0x0000000087900000| Untracked 
| 122|0x0000000087a00000, 0x0000000087a00000, 0x0000000087b00000|  0%| F|  |TAMS 0x0000000087a00000, 0x0000000087a00000| Untracked 
| 123|0x0000000087b00000, 0x0000000087b00000, 0x0000000087c00000|  0%| F|  |TAMS 0x0000000087b00000, 0x0000000087b00000| Untracked 
| 124|0x0000000087c00000, 0x0000000087c00000, 0x0000000087d00000|  0%| F|  |TAMS 0x0000000087c00000, 0x0000000087c00000| Untracked 
| 125|0x0000000087d00000, 0x0000000087d00000, 0x0000000087e00000|  0%| F|  |TAMS 0x0000000087d00000, 0x0000000087d00000| Untracked 
| 126|0x0000000087e00000, 0x0000000087e25738, 0x0000000087f00000| 14%| E|  |TAMS 0x0000000087e00000, 0x0000000087e00000| Complete 
| 127|0x0000000087f00000, 0x0000000088000000, 0x0000000088000000|100%| E|CS|TAMS 0x0000000087f00000, 0x0000000087f00000| Complete 

Card table byte_map: [0x000002134a150000,0x000002134a550000] _byte_map_base: 0x0000021349d50000

Marking Bits (Prev, Next): (CMBitMap*) 0x0000021337852590, (CMBitMap*) 0x00000213378525d0
 Prev Bits: [0x000002134a950000, 0x000002134c950000)
 Next Bits: [0x000002134c950000, 0x000002134e950000)

Polling page: 0x0000021336fb0000

Metaspace:

Usage:
  Non-class:      4.61 MB used.
      Class:    417.09 KB used.
       Both:      5.02 MB used.

Virtual space:
  Non-class space:        8.00 MB reserved,       4.69 MB ( 59%) committed,  1 nodes.
      Class space:        1.00 GB reserved,     512.00 KB ( <1%) committed,  1 nodes.
              Both:        1.01 GB reserved,       5.19 MB ( <1%) committed. 

Chunk freelists:
   Non-Class:  2.99 MB
       Class:  3.56 MB
        Both:  6.55 MB

MaxMetaspaceSize: 17179869184.00 GB
CompressedClassSpaceSize: 1.00 GB
 - commit_granule_bytes: 65536.
 - commit_granule_words: 8192.
 - virtual_space_node_default_size: 1048576.
 - enlarge_chunks_in_place: 1.
 - new_chunks_are_fully_committed: 0.
 - uncommit_free_chunks: 1.
 - use_allocation_guard: 0.
 - handle_deallocations: 1.


Internal statistics:

num_allocs_failed_limit: 0.
num_arena_births: 4.
num_arena_deaths: 0.
num_vsnodes_births: 2.
num_vsnodes_deaths: 0.
num_space_committed: 83.
num_space_uncommitted: 0.
num_chunks_returned_to_freelist: 0.
num_chunks_taken_from_freelist: 9.
num_chunk_merges: 0.
num_chunk_splits: 4.
num_chunks_enlarged: 1.
num_purges: 0.

CodeHeap 'non-profiled nmethods': size=120064Kb used=18Kb max_used=18Kb free=120045Kb
 bounds [0x0000021342810000, 0x0000021342a80000, 0x0000021349d50000]
CodeHeap 'profiled nmethods': size=120000Kb used=144Kb max_used=144Kb free=119855Kb
 bounds [0x000002133b2e0000, 0x000002133b550000, 0x0000021342810000]
CodeHeap 'non-nmethods': size=5696Kb used=1073Kb max_used=1073Kb free=4622Kb
 bounds [0x000002133ad50000, 0x000002133afc0000, 0x000002133b2e0000]
 total_blobs=446 nmethods=112 adapters=247
 compilation: enabled
              stopped_count=0, restarted_count=0
 full_count=0

Compilation events (20 events):
Event: 1.660 Thread 0x0000021350b4d220 nmethod 102 0x000002133b300190 code [0x000002133b300360, 0x000002133b300748]
Event: 1.660 Thread 0x0000021350b4d220  103       3       java.util.zip.ZipUtils::CENEXT (9 bytes)
Event: 1.660 Thread 0x0000021350b4d220 nmethod 103 0x000002133b300910 code [0x000002133b300ac0, 0x000002133b300c78]
Event: 1.660 Thread 0x0000021350b4d220  104       3       java.util.zip.ZipUtils::CENCOM (9 bytes)
Event: 1.660 Thread 0x0000021350b4d220 nmethod 104 0x000002133b300d90 code [0x000002133b300f40, 0x000002133b3010f8]
Event: 1.660 Thread 0x0000021350b4d220  105       3       java.util.zip.ZipUtils::CENFLG (9 bytes)
Event: 1.661 Thread 0x0000021350b4d220 nmethod 105 0x000002133b301210 code [0x000002133b3013c0, 0x000002133b301578]
Event: 1.661 Thread 0x0000021350b4d220  106       3       java.util.zip.ZipFile$Source::addEntry (33 bytes)
Event: 1.661 Thread 0x0000021350b4d220 nmethod 106 0x000002133b301690 code [0x000002133b301840, 0x000002133b3019b8]
Event: 1.661 Thread 0x0000021350b4d220  107       3       java.util.zip.ZipFile$Source::isMetaName (141 bytes)
Event: 1.661 Thread 0x0000021350b4d220 nmethod 107 0x000002133b301b10 code [0x000002133b301ce0, 0x000002133b3021f8]
Event: 1.661 Thread 0x0000021350b4d220  108       3       java.lang.CharacterDataLatin1::toLowerCase (39 bytes)
Event: 1.661 Thread 0x0000021350b4d220 nmethod 108 0x000002133b302390 code [0x000002133b302540, 0x000002133b302798]
Event: 1.661 Thread 0x0000021350b4d220  109       3       sun.nio.fs.WindowsPathParser::isInvalidPathChar (22 bytes)
Event: 1.661 Thread 0x0000021350b4d220 nmethod 109 0x000002133b302910 code [0x000002133b302ae0, 0x000002133b302e28]
Event: 1.661 Thread 0x0000021350b4d220  110       3       java.util.Arrays::copyOfRange (64 bytes)
Event: 1.662 Thread 0x0000021350b4d220 nmethod 110 0x000002133b302f90 code [0x000002133b303200, 0x000002133b303af8]
Event: 1.671 Thread 0x00000213514288a0  111   !   4       java.util.zip.ZipFile$Source::checkUTF8 (43 bytes)
Event: 1.673 Thread 0x0000021350b4d220  112       3       java.lang.Math::max (11 bytes)
Event: 1.673 Thread 0x0000021350b4d220 nmethod 112 0x000002133b303e90 code [0x000002133b304020, 0x000002133b304158]

GC Heap History (0 events):
No events

Deoptimization events (0 events):
No events

Classes unloaded (0 events):
No events

Classes redefined (0 events):
No events

Internal exceptions (0 events):
No events

Events (20 events):
Event: 1.664 loading class java/util/TreeSet
Event: 1.664 loading class java/util/NavigableSet
Event: 1.664 loading class java/util/SortedSet
Event: 1.665 loading class java/util/SortedSet done
Event: 1.666 loading class java/util/NavigableSet done
Event: 1.666 loading class java/util/TreeSet done
Event: 1.666 loading class java/util/TreeMap
Event: 1.667 loading class java/util/NavigableMap
Event: 1.667 loading class java/util/SortedMap
Event: 1.667 loading class java/util/SortedMap done
Event: 1.668 loading class java/util/NavigableMap done
Event: 1.668 loading class java/util/TreeMap done
Event: 1.668 loading class java/util/TreeMap$Entry
Event: 1.669 loading class java/util/TreeMap$Entry done
Event: 1.670 loading class java/util/TreeMap$KeySet
Event: 1.670 loading class java/util/TreeMap$KeySet done
Event: 1.670 loading class java/util/TreeMap$KeyIterator
Event: 1.670 loading class java/util/TreeMap$PrivateEntryIterator
Event: 1.670 loading class java/util/TreeMap$PrivateEntryIterator done
Event: 1.670 loading class java/util/TreeMap$KeyIterator done


Dynamic libraries:
0x00007ff7f2fa0000 - 0x00007ff7f2fae000 	D:\Users\sdhasal\3D Objects\Eclipse\eclipse\plugins\org.eclipse.justj.openjdk.hotspot.jre.full.win32.x86_64_16.0.2.v20210721-1149\jre\bin\javaw.exe
0x00007ffe52e70000 - 0x00007ffe53065000 	C:\Windows\SYSTEM32\ntdll.dll
0x00007ffe516c0000 - 0x00007ffe5177e000 	C:\Windows\System32\KERNEL32.DLL
0x00007ffe50660000 - 0x00007ffe50929000 	C:\Windows\System32\KERNELBASE.dll
0x00007ffe50b80000 - 0x00007ffe50c80000 	C:\Windows\System32\ucrtbase.dll
0x00007ffe48900000 - 0x00007ffe48918000 	D:\Users\sdhasal\3D Objects\Eclipse\eclipse\plugins\org.eclipse.justj.openjdk.hotspot.jre.full.win32.x86_64_16.0.2.v20210721-1149\jre\bin\jli.dll
0x00007ffe526e0000 - 0x00007ffe52881000 	C:\Windows\System32\USER32.dll
0x00007ffe50590000 - 0x00007ffe505b2000 	C:\Windows\System32\win32u.dll
0x00007ffe51300000 - 0x00007ffe5132b000 	C:\Windows\System32\GDI32.dll
0x00007ffe50990000 - 0x00007ffe50a9b000 	C:\Windows\System32\gdi32full.dll
0x00007ffe505c0000 - 0x00007ffe5065d000 	C:\Windows\System32\msvcp_win.dll
0x00007ffe488d0000 - 0x00007ffe488e9000 	D:\Users\sdhasal\3D Objects\Eclipse\eclipse\plugins\org.eclipse.justj.openjdk.hotspot.jre.full.win32.x86_64_16.0.2.v20210721-1149\jre\bin\VCRUNTIME140.dll
0x00007ffe41db0000 - 0x00007ffe4204a000 	C:\Windows\WinSxS\amd64_microsoft.windows.common-controls_6595b64144ccf1df_6.0.19041.1110_none_60b5254171f9507e\COMCTL32.dll
0x00007ffe51470000 - 0x00007ffe5150e000 	C:\Windows\System32\msvcrt.dll
0x00007ffe512d0000 - 0x00007ffe51300000 	C:\Windows\System32\IMM32.DLL
0x00007ffe50c80000 - 0x00007ffe50ca7000 	C:\Windows\System32\bcrypt.dll
0x0000021335580000 - 0x0000021335593000 	C:\Windows\System32\umppc14210.dll
0x00007ffe50220000 - 0x00007ffe50323000 	C:\Program Files\Avecto\Privilege Guard Client\PGHook.dll
0x00007ffe52b80000 - 0x00007ffe52c2c000 	C:\Windows\System32\ADVAPI32.dll
0x00007ffe51780000 - 0x00007ffe5181b000 	C:\Windows\System32\sechost.dll
0x00007ffe52a30000 - 0x00007ffe52b5a000 	C:\Windows\System32\RPCRT4.dll
0x0000000068000000 - 0x0000000068071000 	C:\Windows\System32\QIPCAP64.dll
0x00007ffe51820000 - 0x00007ffe51f5f000 	C:\Windows\System32\SHELL32.dll
0x00007ffe4f8f0000 - 0x00007ffe4f9bc000 	C:\Windows\SYSTEM32\DNSAPI.dll
0x00007ffe4f8b0000 - 0x00007ffe4f8eb000 	C:\Windows\SYSTEM32\IPHLPAPI.DLL
0x00007ffe52080000 - 0x00007ffe52088000 	C:\Windows\System32\NSI.dll
0x00007ffe47430000 - 0x00007ffe4743c000 	D:\Users\sdhasal\3D Objects\Eclipse\eclipse\plugins\org.eclipse.justj.openjdk.hotspot.jre.full.win32.x86_64_16.0.2.v20210721-1149\jre\bin\vcruntime140_1.dll
0x00007ffe2c200000 - 0x00007ffe2c291000 	D:\Users\sdhasal\3D Objects\Eclipse\eclipse\plugins\org.eclipse.justj.openjdk.hotspot.jre.full.win32.x86_64_16.0.2.v20210721-1149\jre\bin\msvcp140.dll
0x00007ffe19b10000 - 0x00007ffe1a6bb000 	D:\Users\sdhasal\3D Objects\Eclipse\eclipse\plugins\org.eclipse.justj.openjdk.hotspot.jre.full.win32.x86_64_16.0.2.v20210721-1149\jre\bin\server\jvm.dll
0x00007ffe525a0000 - 0x00007ffe525a8000 	C:\Windows\System32\PSAPI.DLL
0x00007ffe3d370000 - 0x00007ffe3d379000 	C:\Windows\SYSTEM32\WSOCK32.dll
0x00007ffe529c0000 - 0x00007ffe52a2b000 	C:\Windows\System32\WS2_32.dll
0x00007ffe4c020000 - 0x00007ffe4c047000 	C:\Windows\SYSTEM32\WINMM.dll
0x00007ffe48200000 - 0x00007ffe4820a000 	C:\Windows\SYSTEM32\VERSION.dll
0x00007ffe4f080000 - 0x00007ffe4f092000 	C:\Windows\SYSTEM32\kernel.appcore.dll
0x00007ffe47420000 - 0x00007ffe4742a000 	D:\Users\sdhasal\3D Objects\Eclipse\eclipse\plugins\org.eclipse.justj.openjdk.hotspot.jre.full.win32.x86_64_16.0.2.v20210721-1149\jre\bin\jimage.dll
0x00007ffe414a0000 - 0x00007ffe41684000 	C:\Windows\SYSTEM32\DBGHELP.DLL
0x00007ffe41120000 - 0x00007ffe4114c000 	C:\Windows\SYSTEM32\dbgcore.DLL
0x00007ffe50aa0000 - 0x00007ffe50b23000 	C:\Windows\System32\bcryptPrimitives.dll
0x00007ffe37440000 - 0x00007ffe37465000 	D:\Users\sdhasal\3D Objects\Eclipse\eclipse\plugins\org.eclipse.justj.openjdk.hotspot.jre.full.win32.x86_64_16.0.2.v20210721-1149\jre\bin\java.dll
0x00007ffe37610000 - 0x00007ffe37628000 	D:\Users\sdhasal\3D Objects\Eclipse\eclipse\plugins\org.eclipse.justj.openjdk.hotspot.jre.full.win32.x86_64_16.0.2.v20210721-1149\jre\bin\zip.dll
0x00007ffe4e580000 - 0x00007ffe4ed10000 	C:\Windows\SYSTEM32\windows.storage.dll
0x0000021351800000 - 0x0000021351b55000 	C:\Windows\System32\combase.dll
0x00007ffe4fe60000 - 0x00007ffe4fe8c000 	C:\Windows\SYSTEM32\Wldp.dll
0x00007ffe513b0000 - 0x00007ffe5145d000 	C:\Windows\System32\SHCORE.dll
0x00007ffe51f60000 - 0x00007ffe51fb5000 	C:\Windows\System32\shlwapi.dll
0x00007ffe504d0000 - 0x00007ffe504ef000 	C:\Windows\SYSTEM32\profapi.dll
0x00007ffe37540000 - 0x00007ffe37559000 	D:\Users\sdhasal\3D Objects\Eclipse\eclipse\plugins\org.eclipse.justj.openjdk.hotspot.jre.full.win32.x86_64_16.0.2.v20210721-1149\jre\bin\net.dll
0x00007ffe46bb0000 - 0x00007ffe46cb8000 	C:\Windows\SYSTEM32\WINHTTP.dll
0x00007ffe4fbc0000 - 0x00007ffe4fc2a000 	C:\Windows\system32\mswsock.dll
0x00007ffe36cf0000 - 0x00007ffe36d03000 	D:\Users\sdhasal\3D Objects\Eclipse\eclipse\plugins\org.eclipse.justj.openjdk.hotspot.jre.full.win32.x86_64_16.0.2.v20210721-1149\jre\bin\nio.dll

dbghelp: loaded successfully - version: 4.0.5 - missing functions: none
symbol engine: initialized successfully - sym options: 0x614 - pdb path: .;D:\Users\sdhasal\3D Objects\Eclipse\eclipse\plugins\org.eclipse.justj.openjdk.hotspot.jre.full.win32.x86_64_16.0.2.v20210721-1149\jre\bin;C:\Windows\SYSTEM32;C:\Windows\WinSxS\amd64_microsoft.windows.common-controls_6595b64144ccf1df_6.0.19041.1110_none_60b5254171f9507e;C:\Program Files\Avecto\Privilege Guard Client;D:\Users\sdhasal\3D Objects\Eclipse\eclipse\plugins\org.eclipse.justj.openjdk.hotspot.jre.full.win32.x86_64_16.0.2.v20210721-1149\jre\bin\server

VM Arguments:
jvm_args: -ea -Dfile.encoding=Cp1252 -XX:+ShowCodeDetailsInExceptionMessages 
java_command: org.testng.remote.RemoteTestNG -serport 55545 -protocol json -d D:\Users\sdhasal\3D Objects\Training_WorkSpace\selenium-project\test-output D:\Users\sdhasal\AppData\Local\Temp\testng-eclipse--722521057\testng-customsuite.xml
java_class_path (initial): D:\Users\sdhasal\3D Objects\Eclipse_SetUp\eclipse-jee-2021-09-R-win32-x86_64\eclipse\configuration\org.eclipse.osgi\938\0\.cp\lib\testng-remote.jar;D:\Users\sdhasal\3D Objects\Training_WorkSpace\selenium-project\target\test-classes;D:\Users\sdhasal\3D Objects\Training_WorkSpace\selenium-project\target\classes;D:\Users\sdhasal\.m2\repository\junit\junit\4.11\junit-4.11.jar;D:\Users\sdhasal\.m2\repository\org\hamcrest\hamcrest-core\1.3\hamcrest-core-1.3.jar;D:\Users\sdhasal\.m2\repository\org\seleniumhq\selenium\selenium-java\3.141.59\selenium-java-3.141.59.jar;D:\Users\sdhasal\.m2\repository\org\seleniumhq\selenium\selenium-api\3.141.59\selenium-api-3.141.59.jar;D:\Users\sdhasal\.m2\repository\org\seleniumhq\selenium\selenium-chrome-driver\3.141.59\selenium-chrome-driver-3.141.59.jar;D:\Users\sdhasal\.m2\repository\org\seleniumhq\selenium\selenium-edge-driver\3.141.59\selenium-edge-driver-3.141.59.jar;D:\Users\sdhasal\.m2\repository\org\seleniumhq\selenium\selenium-firefox-driver\3.141.59\selenium-firefox-driver-3.141.59.jar;D:\Users\sdhasal\.m2\repository\org\seleniumhq\selenium\selenium-ie-driver\3.141.59\selenium-ie-driver-3.141.59.jar;D:\Users\sdhasal\.m2\repository\org\seleniumhq\selenium\selenium-opera-driver\3.141.59\selenium-opera-driver-3.141.59.jar;D:\Users\sdhasal\.m2\repository\org\seleniumhq\selenium\selenium-remote-driver\3.141.59\selenium-remote-driver-3.141.59.jar;D:\Users\sdhasal\.m2\repository\org\seleniumhq\selenium\selenium-safari-driver\3.141.59\selenium-safari-driver-3.141.59.jar;D:\Users\sdhasal\.m2\repository\org\seleniumhq\selenium\selenium-support\3.141.59\selenium-support-3.141.59.jar;D:\Users\sdhasal\.m2\repository\net\bytebuddy\byte-buddy\1.8.15\byte-buddy-1.8.15.jar;D:\Users\sdhasal\.m2\repository\org\apache\commons\commons-exec\1.3\commons-exec-1.3.jar;D:\Users\sdhasal\.m2\repository\com\google\guava\guava\25.0-jre\guava-25.0-jre.jar;D:\Users\sdhasal\.m2\repository\com\google\code\findbugs\jsr305\1.3.9\jsr30
Launcher Type: SUN_STANDARD

[Global flags]
     intx CICompilerCount                          = 2                                         {product} {ergonomic}
     uint ConcGCThreads                            = 1                                         {product} {ergonomic}
     uint G1ConcRefinementThreads                  = 2                                         {product} {ergonomic}
   size_t G1HeapRegionSize                         = 1048576                                   {product} {ergonomic}
    uintx GCDrainStackTargetSize                   = 64                                        {product} {ergonomic}
   size_t InitialHeapSize                          = 134217728                                 {product} {ergonomic}
   size_t MarkStackSize                            = 4194304                                   {product} {ergonomic}
   size_t MaxHeapSize                              = 2147483648                                {product} {ergonomic}
   size_t MaxNewSize                               = 1287651328                                {product} {ergonomic}
   size_t MinHeapDeltaBytes                        = 1048576                                   {product} {ergonomic}
   size_t MinHeapSize                              = 8388608                                   {product} {ergonomic}
    uintx NonNMethodCodeHeapSize                   = 5826188                                {pd product} {ergonomic}
    uintx NonProfiledCodeHeapSize                  = 122916026                              {pd product} {ergonomic}
    uintx ProfiledCodeHeapSize                     = 122916026                              {pd product} {ergonomic}
    uintx ReservedCodeCacheSize                    = 251658240                              {pd product} {ergonomic}
     bool SegmentedCodeCache                       = true                                      {product} {ergonomic}
     bool ShowCodeDetailsInExceptionMessages       = true                                   {manageable} {command line}
   size_t SoftMaxHeapSize                          = 2147483648                             {manageable} {ergonomic}
     bool UseCompressedClassPointers               = true                           {product lp64_product} {ergonomic}
     bool UseCompressedOops                        = true                           {product lp64_product} {ergonomic}
     bool UseG1GC                                  = true                                      {product} {ergonomic}
     bool UseLargePagesIndividualAllocation        = false                                  {pd product} {ergonomic}

Logging:
Log output configuration:
 #0: stdout all=warning uptime,level,tags
 #1: stderr all=off uptime,level,tags

Environment Variables:
JAVA_HOME=C:\Program Files\Java\jdk-11.0.12
PATH=D:/Users/sdhasal/3D Objects/Eclipse_SetUp/eclipse-jee-2021-09-R-win32-x86_64/eclipse//plugins/org.eclipse.justj.openjdk.hotspot.jre.full.win32.x86_64_16.0.2.v20210721-1149/jre/bin/server;D:/Users/sdhasal/3D Objects/Eclipse_SetUp/eclipse-jee-2021-09-R-win32-x86_64/eclipse//plugins/org.eclipse.justj.openjdk.hotspot.jre.full.win32.x86_64_16.0.2.v20210721-1149/jre/bin;C:\Program Files\Common Files\Oracle\Java\javapath;C:\Program Files (x86)\Common Files\Oracle\Java\javapath;C:\Windows\system32;C:\Windows;C:\Windows\System32\Wbem;C:\Windows\System32\WindowsPowerShell\v1.0\;C:\Windows\System32\OpenSSH\;C:\Program Files\Java\jdk-11.0.12\bin;D:\apache-maven-3.8.2-bin\apache-maven-3.8.2\bin;D:\Users\sdhasal\AppData\Local\Microsoft\WindowsApps;D:\Users\sdhasal\AppData\Local\Programs\Git\cmd;D:\Users\sdhasal\3D Objects\Eclipse_SetUp\eclipse-jee-2021-09-R-win32-x86_64\eclipse;
USERNAME=sdhasal
OS=Windows_NT
PROCESSOR_IDENTIFIER=Intel64 Family 6 Model 63 Stepping 2, GenuineIntel



---------------  S Y S T E M  ---------------

OS:
 Windows 10 , 64 bit Build 19041 (10.0.19041.1202)
OS uptime: 1 days 18:26 hours
Xen hardware-assisted virtualization detected

CPU: total 2 (initial active 2) (2 cores per cpu, 1 threads per core) family 6 model 63 stepping 2 microcode 0x46, cx8, cmov, fxsr, mmx, sse, sse2, sse3, ssse3, sse4.1, sse4.2, popcnt, lzcnt, tsc, avx, avx2, aes, erms, clmul, bmi1, bmi2, fma, vzeroupper, clflush, hv

Memory: 4k page, system-wide physical 8191M (291M free)
TotalPageFile size 15802M (AvailPageFile size 110M)
current process WorkingSet (physical memory assigned to process): 32M, peak: 32M
current process commit charge ("private bytes"): 192M, peak: 192M

vm_info: OpenJDK 64-Bit Server VM (16.0.2+7-67) for windows-amd64 JRE (16.0.2+7-67), built on Jun  8 2021 23:21:43 by "mach5one" with MS VC++ 16.7 (VS2019)

END.
